[16:13:04] [main/WARN]: Ambiguity between arguments [teleport, destination] and [teleport, targets] with inputs: [Player, 0123, @e, dd12be42-52a9-4a91-a8a1-11c01849e498]
[16:13:04] [main/WARN]: Ambiguity between arguments [teleport, location] and [teleport, destination] with inputs: [0.1 -0.5 .9, 0 0 0]
[16:13:04] [main/WARN]: Ambiguity between arguments [teleport, location] and [teleport, targets] with inputs: [0.1 -0.5 .9, 0 0 0]
[16:13:04] [main/WARN]: Ambiguity between arguments [teleport, targets] and [teleport, destination] with inputs: [Player, 0123, dd12be42-52a9-4a91-a8a1-11c01849e498]
[16:13:04] [main/WARN]: Ambiguity between arguments [teleport, targets, location] and [teleport, targets, destination] with inputs: [0.1 -0.5 .9, 0 0 0]
[16:13:04] [Server thread/INFO]: Starting minecraft server version 1.15.2
[16:13:04] [Server thread/INFO]: Loading properties
[16:13:04] [Server thread/INFO]: Default game type: SURVIVAL
[16:13:04] [Server thread/INFO]: Generating keypair
[16:13:05] [Server thread/INFO]: Starting Minecraft server on *:25565
[16:13:05] [Server thread/INFO]: Using epoll channel type
[16:13:05] [Server thread/WARN]: **** SERVER IS RUNNING IN OFFLINE/INSECURE MODE!
[16:13:05] [Server thread/WARN]: The server will make no attempt to authenticate usernames. Beware.
[16:13:05] [Server thread/WARN]: While this makes the game possible to play without internet access, it also opens up the ability for hackers to connect with any username they choose.
[16:13:05] [Server thread/WARN]: To change this, set "online-mode" to "true" in the server.properties file.
[16:13:06] [Server thread/INFO]: Preparing level "world"
[16:13:06] [Server thread/INFO]: Reloading ResourceManager: Default
[16:13:09] [Server thread/INFO]: Loaded 6 recipes
[16:13:10] [Server thread/INFO]: Loaded 825 advancements
[16:13:13] [Server thread/INFO]: Preparing start region for dimension minecraft:overworld
[16:13:15] [Server thread/INFO]: Preparing spawn area: 0%
[16:13:15] [Server thread/INFO]: Preparing spawn area: 0%
[16:13:15] [Server thread/INFO]: Preparing spawn area: 0%
[16:13:15] [Server thread/INFO]: Preparing spawn area: 0%
[16:13:15] [Server thread/INFO]: Preparing spawn area: 0%
[16:13:47] [Server-Worker-1/INFO]: Preparing spawn area: 0%
[16:13:47] [Server-Worker-1/INFO]: Preparing spawn area: 0%
[16:13:47] [Server-Worker-1/INFO]: Preparing spawn area: 0%
[16:13:47] [Server-Worker-1/INFO]: Preparing spawn area: 0%
[16:13:47] [Server-Worker-1/INFO]: Preparing spawn area: 0%
[16:13:47] [Server-Worker-1/INFO]: Preparing spawn area: 0%
[16:13:47] [Server-Worker-1/INFO]: Preparing spawn area: 0%
[16:13:47] [Server-Worker-1/INFO]: Preparing spawn area: 0%
[16:13:47] [Server-Worker-1/INFO]: Preparing spawn area: 0%
[16:13:47] [Server-Worker-1/INFO]: Preparing spawn area: 0%
[16:13:47] [Server-Worker-1/INFO]: Preparing spawn area: 0%
[16:13:47] [Server-Worker-1/INFO]: Preparing spawn area: 0%
[16:13:47] [Server-Worker-1/INFO]: Preparing spawn area: 0%
[16:13:47] [Server-Worker-1/INFO]: Preparing spawn area: 0%
[16:13:47] [Server-Worker-1/INFO]: Preparing spawn area: 0%
[16:13:47] [Server-Worker-1/INFO]: Preparing spawn area: 0%
[16:13:47] [Server-Worker-1/INFO]: Preparing spawn area: 0%
[16:13:47] [Server-Worker-1/INFO]: Preparing spawn area: 0%
[16:13:47] [Server-Worker-1/INFO]: Preparing spawn area: 0%
[16:13:47] [Server-Worker-1/INFO]: Preparing spawn area: 0%
[16:13:47] [Server-Worker-1/INFO]: Preparing spawn area: 0%
[16:13:47] [Server-Worker-1/INFO]: Preparing spawn area: 0%
[16:13:47] [Server-Worker-1/INFO]: Preparing spawn area: 0%
[16:13:47] [Server-Worker-1/INFO]: Preparing spawn area: 0%
[16:13:47] [Server-Worker-1/INFO]: Preparing spawn area: 0%
[16:13:47] [Server-Worker-1/INFO]: Preparing spawn area: 0%
[16:13:47] [Server-Worker-1/INFO]: Preparing spawn area: 0%
[16:13:47] [Server-Worker-1/INFO]: Preparing spawn area: 0%
[16:13:47] [Server-Worker-1/INFO]: Preparing spawn area: 0%
[16:13:47] [Server-Worker-1/INFO]: Preparing spawn area: 0%
[16:13:47] [Server-Worker-1/INFO]: Preparing spawn area: 0%
[16:13:47] [Server-Worker-1/INFO]: Preparing spawn area: 0%
[16:13:47] [Server-Worker-1/INFO]: Preparing spawn area: 0%
[16:13:47] [Server-Worker-1/INFO]: Preparing spawn area: 0%
[16:13:47] [Server-Worker-1/INFO]: Preparing spawn area: 0%
[16:13:47] [Server-Worker-1/INFO]: Preparing spawn area: 0%
[16:13:47] [Server-Worker-1/INFO]: Preparing spawn area: 0%
[16:13:47] [Server-Worker-1/INFO]: Preparing spawn area: 0%
[16:13:47] [Server-Worker-1/INFO]: Preparing spawn area: 0%
[16:13:47] [Server-Worker-1/INFO]: Preparing spawn area: 0%
[16:13:47] [Server-Worker-1/INFO]: Preparing spawn area: 0%
[16:13:47] [Server-Worker-1/INFO]: Preparing spawn area: 0%
[16:13:47] [Server-Worker-1/INFO]: Preparing spawn area: 0%
[16:13:47] [Server-Worker-1/INFO]: Preparing spawn area: 0%
[16:13:47] [Server-Worker-1/INFO]: Preparing spawn area: 0%
[16:13:47] [Server-Worker-1/INFO]: Preparing spawn area: 0%
[16:13:47] [Server-Worker-1/INFO]: Preparing spawn area: 0%
[16:13:47] [Server-Worker-1/INFO]: Preparing spawn area: 0%
[16:13:47] [Server-Worker-1/INFO]: Preparing spawn area: 0%
[16:13:47] [Server-Worker-1/INFO]: Preparing spawn area: 0%
[16:13:47] [Server-Worker-1/INFO]: Preparing spawn area: 0%
[16:13:47] [Server-Worker-1/INFO]: Preparing spawn area: 0%
[16:13:47] [Server-Worker-1/INFO]: Preparing spawn area: 0%
[16:13:47] [Server-Worker-1/INFO]: Preparing spawn area: 0%
[16:13:47] [Server-Worker-1/INFO]: Preparing spawn area: 0%
[16:13:47] [Server-Worker-1/INFO]: Preparing spawn area: 0%
[16:13:47] [Server-Worker-1/INFO]: Preparing spawn area: 0%
[16:13:47] [Server-Worker-1/INFO]: Preparing spawn area: 0%
[16:13:47] [Server-Worker-1/INFO]: Preparing spawn area: 0%
[16:13:47] [Server-Worker-1/INFO]: Preparing spawn area: 0%
[16:13:47] [Server-Worker-1/INFO]: Preparing spawn area: 0%
[16:13:47] [Server-Worker-1/INFO]: Preparing spawn area: 0%
[16:13:47] [Server-Worker-1/INFO]: Preparing spawn area: 0%
[16:13:47] [Server thread/INFO]: Preparing spawn area: 17%
[16:13:48] [Server thread/INFO]: Time elapsed: 34701 ms
[16:13:48] [Server thread/INFO]: Done (42.482s)! For help, type "help"
[16:14:37] [Server thread/INFO]: Kiki[/119.251.1.127:54696] logged in with entity id 163 at (338.2183561357801, 66.92159999847412, -95.00463978938276)
[16:14:37] [Server thread/INFO]: Kiki joined the game
[16:16:00] [Server thread/INFO]: The difficulty has been set to Peaceful
[16:17:40] [Server thread/INFO]: Seayoung[/76.102.243.28:6060] logged in with entity id 421 at (345.63710065731743, 61.0, -117.85168059334363)
[16:17:40] [Server thread/INFO]: Seayoung joined the game
[16:19:38] [Server thread/INFO]: Kiki lost connection: Timed out
[16:19:38] [Server thread/INFO]: Kiki left the game
[16:19:38] [Server thread/WARN]: handleDisconnection() called twice
[16:20:37] [Server thread/INFO]: Kiki[/119.251.1.127:55721] logged in with entity id 554 at (335.0970694913195, 61.0, -99.19513628039357)
[16:20:37] [Server thread/INFO]: Kiki joined the game
[16:21:08] [Server thread/INFO]: Kiki lost connection: Disconnected
[16:21:08] [Server thread/INFO]: Kiki left the game
[16:21:34] [Server thread/INFO]: Kiki[/119.251.1.127:55872] logged in with entity id 625 at (335.0970694913195, 61.0, -99.19513628039357)
[16:21:34] [Server thread/INFO]: Kiki joined the game
[16:22:06] [Server thread/INFO]: Kiki lost connection: Timed out
[16:22:06] [Server thread/INFO]: Kiki left the game
[16:22:21] [Server thread/INFO]: Kiki[/119.251.1.127:55996] logged in with entity id 655 at (335.0970694913195, 61.0, -99.19513628039357)
[16:22:21] [Server thread/INFO]: Kiki joined the game
[16:22:52] [Server thread/INFO]: Kiki lost connection: Timed out
[16:22:52] [Server thread/INFO]: Kiki left the game
[16:24:46] [Server thread/INFO]: Kiki[/119.251.1.127:56406] logged in with entity id 800 at (335.0970694913195, 61.0, -99.19513628039357)
[16:24:46] [Server thread/INFO]: Kiki joined the game
[16:25:17] [Server thread/INFO]: Kiki lost connection: Timed out
[16:25:17] [Server thread/INFO]: Kiki left the game
[16:26:18] [Server thread/INFO]: Kiki[/119.251.1.127:56656] logged in with entity id 877 at (335.0970694913195, 61.0, -99.19513628039357)
[16:26:18] [Server thread/INFO]: Kiki joined the game
[16:27:06] [Server thread/INFO]: Kiki lost connection: Timed out
[16:27:06] [Server thread/INFO]: Kiki left the game
[16:27:20] [Server thread/INFO]: Kiki[/119.251.1.127:56827] logged in with entity id 933 at (335.0970694913195, 61.0, -99.19513628039357)
[16:27:21] [Server thread/INFO]: Kiki joined the game
[16:27:36] [Server thread/INFO]: Kiki lost connection: Timed out
[16:27:36] [Server thread/INFO]: Kiki left the game
[16:27:36] [Server thread/WARN]: handleDisconnection() called twice
[16:28:30] [Server thread/INFO]: Kiki[/119.251.1.127:57190] logged in with entity id 1005 at (335.0970694913195, 61.0, -99.19513628039357)
[16:28:30] [Server thread/INFO]: Kiki joined the game
[16:28:53] [Server thread/INFO]: Kiki lost connection: Timed out
[16:28:53] [Server thread/INFO]: Kiki left the game
[16:30:29] [Server thread/INFO]: Seayoung lost connection: Disconnected
[16:30:29] [Server thread/INFO]: Seayoung left the game
[16:30:41] [Server thread/INFO]: Kiki[/119.251.1.127:57642] logged in with entity id 1091 at (335.0970694913195, 61.0, -99.19513628039357)
[16:30:41] [Server thread/INFO]: Kiki joined the game
[16:33:55] [Server thread/INFO]: Seayoung[/76.102.243.28:12688] logged in with entity id 1233 at (339.83917282306584, 60.0, -114.20986131225075)
[16:33:55] [Server thread/INFO]: Seayoung joined the game
[16:34:42] [Server thread/INFO]: Kiki lost connection: Timed out
[16:34:42] [Server thread/INFO]: Kiki left the game
[16:34:42] [Server thread/WARN]: handleDisconnection() called twice
[16:35:20] [Server thread/INFO]: Kiki[/119.251.1.127:58470] logged in with entity id 1290 at (330.30000001192093, 65.0, -97.60703651116806)
[16:35:20] [Server thread/INFO]: Kiki joined the game
[16:52:36] [Server thread/INFO]: Kiki lost connection: Timed out
[16:52:36] [Server thread/INFO]: Kiki left the game
[16:52:36] [Server thread/WARN]: handleDisconnection() called twice
[16:53:23] [Server thread/INFO]: Kiki[/119.251.1.127:61329] logged in with entity id 1981 at (335.5204565708031, 67.0, -111.21848536423671)
[16:53:23] [Server thread/INFO]: Kiki joined the game
[16:53:38] [Server thread/INFO]: Kiki lost connection: Timed out
[16:53:38] [Server thread/INFO]: Kiki left the game
[16:53:38] [Server thread/WARN]: handleDisconnection() called twice
[16:53:39] [Server thread/INFO]: Seayoung lost connection: Disconnected
[16:53:39] [Server thread/INFO]: Seayoung left the game
[17:02:15] [Server thread/INFO]: Kiki[/119.251.1.127:62644] logged in with entity id 1992 at (335.5204565708031, 67.0, -111.21848536423671)
[17:02:15] [Server thread/INFO]: Kiki joined the game
[17:02:33] [Server thread/INFO]: Kiki lost connection: Disconnected
[17:02:33] [Server thread/INFO]: Kiki left the game
[17:04:50] [Server thread/INFO]: Kiki[/119.251.1.127:63063] logged in with entity id 2008 at (335.5204565708031, 67.0, -111.21848536423671)
[17:04:50] [Server thread/INFO]: Kiki joined the game
[17:05:11] [Server thread/INFO]: Kiki lost connection: Disconnected
[17:05:11] [Server thread/INFO]: Kiki left the game
[17:06:52] [Server thread/INFO]: Kiki[/119.251.1.127:63399] logged in with entity id 2027 at (335.5204565708031, 67.0, -111.21848536423671)
[17:06:52] [Server thread/INFO]: Kiki joined the game
[17:09:38] [Server thread/INFO]: Kiki lost connection: Timed out
[17:09:38] [Server thread/INFO]: Kiki left the game
[17:09:38] [Server thread/WARN]: handleDisconnection() called twice
[17:10:05] [Server thread/INFO]: Kiki[/119.251.1.127:63901] logged in with entity id 2136 at (337.00730180392725, 67.0, -100.96325760597661)
[17:10:05] [Server thread/INFO]: Kiki joined the game
